#
# There is insufficient memory for the Java Runtime Environment to continue.
# Native memory allocation (mmap) failed to map 7340032 bytes for G1 virtual space
# Possible reasons:
#   The system is out of physical RAM or swap space
#   The process is running with CompressedOops enabled, and the Java Heap may be blocking the growth of the native heap
# Possible solutions:
#   Reduce memory load on the system
#   Increase physical memory or swap space
#   Check if swap backing store is full
#   Decrease Java heap size (-Xmx/-Xms)
#   Decrease number of Java threads
#   Decrease Java thread stack sizes (-Xss)
#   Set larger code cache with -XX:ReservedCodeCacheSize=
#   JVM is running with Unscaled Compressed Oops mode in which the Java heap is
#     placed in the first 4GB address space. The Java Heap base address is the
#     maximum limit for the native heap growth. Please use -XX:HeapBaseMinAddress
#     to set the Java Heap base and to place the Java Heap above 4GB virtual address.
# This output file may be truncated or incomplete.
#
#  Out of Memory Error (os_windows.cpp:3825), pid=19940, tid=6660
#
# JRE version: OpenJDK Runtime Environment (17.0.10) (build 17.0.10+0--11609105)
# Java VM: OpenJDK 64-Bit Server VM (17.0.10+0--11609105, mixed mode, tiered, compressed oops, compressed class ptrs, g1 gc, windows-amd64)
# No core dump will be written. Minidumps are not enabled by default on client versions of Windows
#

---------------  S U M M A R Y ------------

Command Line: org.jetbrains.kotlin.cli.jvm.K2JVMCompiler @C:\Users\23480\AndroidStudioProjects\GlovoOrder\app\build\20240814_13492686119602139966.compiler.options

Host: AMD Ryzen 3 5300U with Radeon Graphics         , 8 cores, 7G,  Windows 11 , 64 bit Build 22621 (10.0.22621.3672)
Time: Wed Aug 14 14:54:09 2024 W. Central Africa Standard Time elapsed time: 2.650039 seconds (0d 0h 0m 2s)

---------------  T H R E A D  ---------------

Current thread (0x000001d16bd6b980):  VMThread "VM Thread" [stack: 0x0000007c8ae00000,0x0000007c8af00000] [id=6660]

Stack: [0x0000007c8ae00000,0x0000007c8af00000]
Native frames: (J=compiled Java code, j=interpreted, Vv=VM code, C=native code)
V  [jvm.dll+0x688de9]
V  [jvm.dll+0x8423da]
V  [jvm.dll+0x84401e]
V  [jvm.dll+0x844683]
V  [jvm.dll+0x24be0f]
V  [jvm.dll+0x685bb9]
V  [jvm.dll+0x67a46a]
V  [jvm.dll+0x30cbab]
V  [jvm.dll+0x314056]
V  [jvm.dll+0x363dce]
V  [jvm.dll+0x363fff]
V  [jvm.dll+0x2e2978]
V  [jvm.dll+0x2e0b54]
V  [jvm.dll+0x2e015c]
V  [jvm.dll+0x32502b]
V  [jvm.dll+0x848d7b]
V  [jvm.dll+0x849ac1]
V  [jvm.dll+0x849fdd]
V  [jvm.dll+0x84a3b4]
V  [jvm.dll+0x84a480]
V  [jvm.dll+0x7f0c7a]
V  [jvm.dll+0x687c65]
C  [ucrtbase.dll+0x29333]
C  [KERNEL32.DLL+0x1257d]
C  [ntdll.dll+0x5af28]

VM_Operation (0x0000007c8a8f3850): G1CollectForAllocation, mode: safepoint, requested by thread 0x000001d15253a6a0


---------------  P R O C E S S  ---------------

Threads class SMR info:
_java_thread_list=0x000001d1720bcb20, length=14, elements={
0x000001d15253a6a0, 0x000001d170013260, 0x000001d170013df0, 0x000001d16bd81b60,
0x000001d16bd826f0, 0x000001d17003c010, 0x000001d17003c8e0, 0x000001d17003d4e0,
0x000001d1700413a0, 0x000001d170042cc0, 0x000001d1701b1ef0, 0x000001d1701bef60,
0x000001d17026b690, 0x000001d1724169b0
}

Java Threads: ( => current thread )
  0x000001d15253a6a0 JavaThread "main" [_thread_blocked, id=16820, stack(0x0000007c8a800000,0x0000007c8a900000)]
  0x000001d170013260 JavaThread "Reference Handler" daemon [_thread_blocked, id=10216, stack(0x0000007c8af00000,0x0000007c8b000000)]
  0x000001d170013df0 JavaThread "Finalizer" daemon [_thread_blocked, id=14476, stack(0x0000007c8b000000,0x0000007c8b100000)]
  0x000001d16bd81b60 JavaThread "Signal Dispatcher" daemon [_thread_blocked, id=14292, stack(0x0000007c8b100000,0x0000007c8b200000)]
  0x000001d16bd826f0 JavaThread "Attach Listener" daemon [_thread_blocked, id=19424, stack(0x0000007c8b200000,0x0000007c8b300000)]
  0x000001d17003c010 JavaThread "Service Thread" daemon [_thread_blocked, id=19256, stack(0x0000007c8b300000,0x0000007c8b400000)]
  0x000001d17003c8e0 JavaThread "Monitor Deflation Thread" daemon [_thread_blocked, id=3316, stack(0x0000007c8b400000,0x0000007c8b500000)]
  0x000001d17003d4e0 JavaThread "C2 CompilerThread0" daemon [_thread_blocked, id=14624, stack(0x0000007c8b500000,0x0000007c8b600000)]
  0x000001d1700413a0 JavaThread "C1 CompilerThread0" daemon [_thread_blocked, id=6860, stack(0x0000007c8b600000,0x0000007c8b700000)]
  0x000001d170042cc0 JavaThread "Sweeper thread" daemon [_thread_blocked, id=9228, stack(0x0000007c8b700000,0x0000007c8b800000)]
  0x000001d1701b1ef0 JavaThread "Notification Thread" daemon [_thread_blocked, id=2728, stack(0x0000007c8b800000,0x0000007c8b900000)]
  0x000001d1701bef60 JavaThread "Common-Cleaner" daemon [_thread_blocked, id=18696, stack(0x0000007c8ba00000,0x0000007c8bb00000)]
  0x000001d17026b690 JavaThread "C2 CompilerThread1" daemon [_thread_blocked, id=9864, stack(0x0000007c8bb00000,0x0000007c8bc00000)]
  0x000001d1724169b0 JavaThread "C2 CompilerThread2" daemon [_thread_in_native, id=20620, stack(0x0000007c8c400000,0x0000007c8c500000)]

Other Threads:
=>0x000001d16bd6b980 VMThread "VM Thread" [stack: 0x0000007c8ae00000,0x0000007c8af00000] [id=6660]
  0x000001d1701b2bf0 WatcherThread [stack: 0x0000007c8b900000,0x0000007c8ba00000] [id=3384]
  0x000001d152592e90 GCTaskThread "GC Thread#0" [stack: 0x0000007c8a900000,0x0000007c8aa00000] [id=18460]
  0x000001d17062a9c0 GCTaskThread "GC Thread#1" [stack: 0x0000007c8bc00000,0x0000007c8bd00000] [id=18684]
  0x000001d1707c1b60 GCTaskThread "GC Thread#2" [stack: 0x0000007c8bd00000,0x0000007c8be00000] [id=20836]
  0x000001d1707c1e20 GCTaskThread "GC Thread#3" [stack: 0x0000007c8be00000,0x0000007c8bf00000] [id=18788]
  0x000001d1707c20e0 GCTaskThread "GC Thread#4" [stack: 0x0000007c8bf00000,0x0000007c8c000000] [id=716]
  0x000001d170d82030 GCTaskThread "GC Thread#5" [stack: 0x0000007c8c000000,0x0000007c8c100000] [id=18932]
  0x000001d170d822f0 GCTaskThread "GC Thread#6" [stack: 0x0000007c8c100000,0x0000007c8c200000] [id=11200]
  0x000001d170b54690 GCTaskThread "GC Thread#7" [stack: 0x0000007c8c200000,0x0000007c8c300000] [id=13876]
  0x000001d1525a2770 ConcurrentGCThread "G1 Main Marker" [stack: 0x0000007c8aa00000,0x0000007c8ab00000] [id=20932]
  0x000001d1525a30a0 ConcurrentGCThread "G1 Conc#0" [stack: 0x0000007c8ab00000,0x0000007c8ac00000] [id=15256]
  0x000001d170b54950 ConcurrentGCThread "G1 Conc#1" [stack: 0x0000007c8c300000,0x0000007c8c400000] [id=13276]
  0x000001d16bbc24c0 ConcurrentGCThread "G1 Refine#0" [stack: 0x0000007c8ac00000,0x0000007c8ad00000] [id=10140]
  0x000001d16bbc2e00 ConcurrentGCThread "G1 Service" [stack: 0x0000007c8ad00000,0x0000007c8ae00000] [id=11024]

Threads with active compile tasks:
C2 CompilerThread0     2665 2792   !   4       jdk.internal.loader.BuiltinClassLoader::findClassOnClassPathOrNull (64 bytes)
C2 CompilerThread1     2665 3035   !   4       java.util.zip.ZipFile$CleanableResource::getInflater (47 bytes)
C2 CompilerThread2     2665 2994  s    4       java.util.jar.JarFile::getInputStream (72 bytes)

VM state: at safepoint (normal execution)

VM Mutex/Monitor currently owned by a thread:  ([mutex/lock_event])
[0x000001d1525366a0] Threads_lock - owner thread: 0x000001d16bd6b980
[0x000001d152537c90] Heap_lock - owner thread: 0x000001d15253a6a0

Heap address: 0x000000008ac00000, size: 1876 MB, Compressed Oops mode: 32-bit

CDS archive(s) not mapped
Compressed class space mapped at: 0x0000000100000000-0x0000000140000000, reserved size: 1073741824
Narrow klass base: 0x0000000000000000, Narrow klass shift: 3, Narrow klass range: 0x140000000

GC Precious Log:
 CPUs: 8 total, 8 available
 Memory: 7502M
 Large Page Support: Disabled
 NUMA Support: Disabled
 Compressed Oops: Enabled (32-bit)
 Heap Region Size: 1M
 Heap Min Capacity: 8M
 Heap Initial Capacity: 118M
 Heap Max Capacity: 1876M
 Pre-touch: Disabled
 Parallel Workers: 8
 Concurrent Workers: 2
 Concurrent Refinement Workers: 8
 Periodic GC: Disabled

Heap:
 garbage-first heap   total 84992K, used 21806K [0x000000008ac00000, 0x0000000100000000)
  region size 1024K, 2 young (2048K), 2 survivors (2048K)
 Metaspace       used 45224K, committed 45440K, reserved 1114112K
  class space    used 5611K, committed 5696K, reserved 1048576K

Heap Regions: E=young(eden), S=young(survivor), O=old, HS=humongous(starts), HC=humongous(continues), CS=collection set, F=free, OA=open archive, CA=closed archive, TAMS=top-at-mark-start (previous, next)
|   0|0x000000008ac00000, 0x000000008ad00000, 0x000000008ad00000|100%|HS|  |TAMS 0x000000008ad00000, 0x000000008ac00000| Complete 
|   1|0x000000008ad00000, 0x000000008ae00000, 0x000000008ae00000|100%|HC|  |TAMS 0x000000008ae00000, 0x000000008ad00000| Complete 
|   2|0x000000008ae00000, 0x000000008af00000, 0x000000008af00000|100%|HC|  |TAMS 0x000000008af00000, 0x000000008ae00000| Complete 
|   3|0x000000008af00000, 0x000000008b000000, 0x000000008b000000|100%|HC|  |TAMS 0x000000008b000000, 0x000000008af00000| Complete 
|   4|0x000000008b000000, 0x000000008b100000, 0x000000008b100000|100%| O|  |TAMS 0x000000008b100000, 0x000000008b000000| Untracked 
|   5|0x000000008b100000, 0x000000008b200000, 0x000000008b200000|100%| O|  |TAMS 0x000000008b200000, 0x000000008b100000| Untracked 
|   6|0x000000008b200000, 0x000000008b300000, 0x000000008b300000|100%| O|  |TAMS 0x000000008b300000, 0x000000008b200000| Untracked 
|   7|0x000000008b300000, 0x000000008b400000, 0x000000008b400000|100%| O|  |TAMS 0x000000008b400000, 0x000000008b300000| Untracked 
|   8|0x000000008b400000, 0x000000008b500000, 0x000000008b500000|100%| O|  |TAMS 0x000000008b500000, 0x000000008b400000| Untracked 
|   9|0x000000008b500000, 0x000000008b500000, 0x000000008b600000|  0%| F|  |TAMS 0x000000008b500000, 0x000000008b500000| Untracked 
|  10|0x000000008b600000, 0x000000008b700000, 0x000000008b700000|100%| O|  |TAMS 0x000000008b700000, 0x000000008b600000| Untracked 
|  11|0x000000008b700000, 0x000000008b800000, 0x000000008b800000|100%| O|  |TAMS 0x000000008b800000, 0x000000008b700000| Untracked 
|  12|0x000000008b800000, 0x000000008b900000, 0x000000008b900000|100%| O|  |TAMS 0x000000008b900000, 0x000000008b800000| Untracked 
|  13|0x000000008b900000, 0x000000008ba00000, 0x000000008ba00000|100%| O|  |TAMS 0x000000008b900000, 0x000000008b900000| Untracked 
|  14|0x000000008ba00000, 0x000000008bb00000, 0x000000008bb00000|100%| O|  |TAMS 0x000000008ba00000, 0x000000008ba00000| Untracked 
|  15|0x000000008bb00000, 0x000000008bc00000, 0x000000008bc00000|100%| O|  |TAMS 0x000000008bc00000, 0x000000008bb00000| Untracked 
|  16|0x000000008bc00000, 0x000000008bd00000, 0x000000008bd00000|100%| O|  |TAMS 0x000000008bd00000, 0x000000008bc00000| Untracked 
|  17|0x000000008bd00000, 0x000000008be00000, 0x000000008be00000|100%| O|  |TAMS 0x000000008bd00000, 0x000000008bd00000| Untracked 
|  18|0x000000008be00000, 0x000000008bf00000, 0x000000008bf00000|100%| O|  |TAMS 0x000000008be00000, 0x000000008be00000| Untracked 
|  19|0x000000008bf00000, 0x000000008bfe9e00, 0x000000008c000000| 91%| O|  |TAMS 0x000000008bf00000, 0x000000008bf00000| Untracked 
|  20|0x000000008c000000, 0x000000008c100000, 0x000000008c100000|100%| O|  |TAMS 0x000000008c100000, 0x000000008c000000| Untracked 
|  21|0x000000008c100000, 0x000000008c100000, 0x000000008c200000|  0%| F|  |TAMS 0x000000008c100000, 0x000000008c100000| Untracked 
|  22|0x000000008c200000, 0x000000008c200000, 0x000000008c300000|  0%| F|  |TAMS 0x000000008c200000, 0x000000008c200000| Untracked 
|  23|0x000000008c300000, 0x000000008c300000, 0x000000008c400000|  0%| F|  |TAMS 0x000000008c300000, 0x000000008c300000| Untracked 
|  24|0x000000008c400000, 0x000000008c400000, 0x000000008c500000|  0%| F|  |TAMS 0x000000008c400000, 0x000000008c400000| Untracked 
|  25|0x000000008c500000, 0x000000008c500000, 0x000000008c600000|  0%| F|  |TAMS 0x000000008c500000, 0x000000008c500000| Untracked 
|  26|0x000000008c600000, 0x000000008c600000, 0x000000008c700000|  0%| F|  |TAMS 0x000000008c600000, 0x000000008c600000| Untracked 
|  27|0x000000008c700000, 0x000000008c700000, 0x000000008c800000|  0%| F|  |TAMS 0x000000008c700000, 0x000000008c700000| Untracked 
|  28|0x000000008c800000, 0x000000008c800000, 0x000000008c900000|  0%| F|  |TAMS 0x000000008c800000, 0x000000008c800000| Untracked 
|  29|0x000000008c900000, 0x000000008c900000, 0x000000008ca00000|  0%| F|  |TAMS 0x000000008c900000, 0x000000008c900000| Untracked 
|  30|0x000000008ca00000, 0x000000008ca00000, 0x000000008cb00000|  0%| F|  |TAMS 0x000000008ca00000, 0x000000008ca00000| Untracked 
|  31|0x000000008cb00000, 0x000000008cb61cd8, 0x000000008cc00000| 38%| S|CS|TAMS 0x000000008cb00000, 0x000000008cb00000| Complete 
|  32|0x000000008cc00000, 0x000000008cd00000, 0x000000008cd00000|100%| S|CS|TAMS 0x000000008cc00000, 0x000000008cc00000| Complete 
|  33|0x000000008cd00000, 0x000000008cd00000, 0x000000008ce00000|  0%| F|  |TAMS 0x000000008cd00000, 0x000000008cd00000| Untracked 
|  34|0x000000008ce00000, 0x000000008ce00000, 0x000000008cf00000|  0%| F|  |TAMS 0x000000008ce00000, 0x000000008ce00000| Untracked 
|  35|0x000000008cf00000, 0x000000008cf00000, 0x000000008d000000|  0%| F|  |TAMS 0x000000008cf00000, 0x000000008cf00000| Untracked 
|  36|0x000000008d000000, 0x000000008d000000, 0x000000008d100000|  0%| F|  |TAMS 0x000000008d000000, 0x000000008d000000| Untracked 
|  37|0x000000008d100000, 0x000000008d100000, 0x000000008d200000|  0%| F|  |TAMS 0x000000008d100000, 0x000000008d100000| Untracked 
|  38|0x000000008d200000, 0x000000008d200000, 0x000000008d300000|  0%| F|  |TAMS 0x000000008d200000, 0x000000008d200000| Untracked 
|  39|0x000000008d300000, 0x000000008d300000, 0x000000008d400000|  0%| F|  |TAMS 0x000000008d300000, 0x000000008d300000| Untracked 
|  40|0x000000008d400000, 0x000000008d400000, 0x000000008d500000|  0%| F|  |TAMS 0x000000008d400000, 0x000000008d400000| Untracked 
|  41|0x000000008d500000, 0x000000008d500000, 0x000000008d600000|  0%| F|  |TAMS 0x000000008d500000, 0x000000008d500000| Untracked 
|  42|0x000000008d600000, 0x000000008d600000, 0x000000008d700000|  0%| F|  |TAMS 0x000000008d600000, 0x000000008d600000| Untracked 
|  43|0x000000008d700000, 0x000000008d700000, 0x000000008d800000|  0%| F|  |TAMS 0x000000008d700000, 0x000000008d700000| Untracked 
|  44|0x000000008d800000, 0x000000008d800000, 0x000000008d900000|  0%| F|  |TAMS 0x000000008d800000, 0x000000008d800000| Untracked 
|  45|0x000000008d900000, 0x000000008d900000, 0x000000008da00000|  0%| F|  |TAMS 0x000000008d900000, 0x000000008d900000| Untracked 
|  46|0x000000008da00000, 0x000000008da00000, 0x000000008db00000|  0%| F|  |TAMS 0x000000008da00000, 0x000000008da00000| Untracked 
|  47|0x000000008db00000, 0x000000008db00000, 0x000000008dc00000|  0%| F|  |TAMS 0x000000008db00000, 0x000000008db00000| Untracked 
|  48|0x000000008dc00000, 0x000000008dc00000, 0x000000008dd00000|  0%| F|  |TAMS 0x000000008dc00000, 0x000000008dc00000| Untracked 
|  49|0x000000008dd00000, 0x000000008dd00000, 0x000000008de00000|  0%| F|  |TAMS 0x000000008dd00000, 0x000000008dd00000| Untracked 
|  50|0x000000008de00000, 0x000000008de00000, 0x000000008df00000|  0%| F|  |TAMS 0x000000008de00000, 0x000000008de00000| Untracked 
|  51|0x000000008df00000, 0x000000008df00000, 0x000000008e000000|  0%| F|  |TAMS 0x000000008df00000, 0x000000008df00000| Untracked 
|  52|0x000000008e000000, 0x000000008e000000, 0x000000008e100000|  0%| F|  |TAMS 0x000000008e000000, 0x000000008e000000| Untracked 
|  53|0x000000008e100000, 0x000000008e100000, 0x000000008e200000|  0%| F|  |TAMS 0x000000008e100000, 0x000000008e100000| Untracked 
|  54|0x000000008e200000, 0x000000008e200000, 0x000000008e300000|  0%| F|  |TAMS 0x000000008e200000, 0x000000008e200000| Untracked 
|  55|0x000000008e300000, 0x000000008e300000, 0x000000008e400000|  0%| F|  |TAMS 0x000000008e300000, 0x000000008e300000| Untracked 
|  56|0x000000008e400000, 0x000000008e400000, 0x000000008e500000|  0%| F|  |TAMS 0x000000008e400000, 0x000000008e400000| Untracked 
|  57|0x000000008e500000, 0x000000008e500000, 0x000000008e600000|  0%| F|  |TAMS 0x000000008e500000, 0x000000008e500000| Untracked 
|  58|0x000000008e600000, 0x000000008e600000, 0x000000008e700000|  0%| F|  |TAMS 0x000000008e600000, 0x000000008e600000| Untracked 
|  59|0x000000008e700000, 0x000000008e700000, 0x000000008e800000|  0%| F|  |TAMS 0x000000008e700000, 0x000000008e700000| Untracked 
|  60|0x000000008e800000, 0x000000008e800000, 0x000000008e900000|  0%| F|  |TAMS 0x000000008e800000, 0x000000008e800000| Untracked 
|  61|0x000000008e900000, 0x000000008e900000, 0x000000008ea00000|  0%| F|  |TAMS 0x000000008e900000, 0x000000008e900000| Untracked 
|  62|0x000000008ea00000, 0x000000008ea00000, 0x000000008eb00000|  0%| F|  |TAMS 0x000000008ea00000, 0x000000008ea00000| Untracked 
|  63|0x000000008eb00000, 0x000000008eb00000, 0x000000008ec00000|  0%| F|  |TAMS 0x000000008eb00000, 0x000000008eb00000| Untracked 
|  64|0x000000008ec00000, 0x000000008ec00000, 0x000000008ed00000|  0%| F|  |TAMS 0x000000008ec00000, 0x000000008ec00000| Untracked 
|  65|0x000000008ed00000, 0x000000008ed00000, 0x000000008ee00000|  0%| F|  |TAMS 0x000000008ed00000, 0x000000008ed00000| Untracked 
|  66|0x000000008ee00000, 0x000000008ee00000, 0x000000008ef00000|  0%| F|  |TAMS 0x000000008ee00000, 0x000000008ee00000| Untracked 
|  67|0x000000008ef00000, 0x000000008ef00000, 0x000000008f000000|  0%| F|  |TAMS 0x000000008ef00000, 0x000000008ef00000| Untracked 
|  68|0x000000008f000000, 0x000000008f000000, 0x000000008f100000|  0%| F|  |TAMS 0x000000008f000000, 0x000000008f000000| Untracked 
|  69|0x000000008f100000, 0x000000008f100000, 0x000000008f200000|  0%| F|  |TAMS 0x000000008f100000, 0x000000008f100000| Untracked 
|  70|0x000000008f200000, 0x000000008f200000, 0x000000008f300000|  0%| F|  |TAMS 0x000000008f200000, 0x000000008f200000| Untracked 
|  71|0x000000008f300000, 0x000000008f300000, 0x000000008f400000|  0%| F|  |TAMS 0x000000008f300000, 0x000000008f300000| Untracked 
|  72|0x000000008f400000, 0x000000008f400000, 0x000000008f500000|  0%| F|  |TAMS 0x000000008f400000, 0x000000008f400000| Untracked 
|  73|0x000000008f500000, 0x000000008f500000, 0x000000008f600000|  0%| F|  |TAMS 0x000000008f500000, 0x000000008f500000| Untracked 
|  74|0x000000008f600000, 0x000000008f600000, 0x000000008f700000|  0%| F|  |TAMS 0x000000008f600000, 0x000000008f600000| Untracked 
|  75|0x000000008f700000, 0x000000008f700000, 0x000000008f800000|  0%| F|  |TAMS 0x000000008f700000, 0x000000008f700000| Untracked 
|  76|0x000000008f800000, 0x000000008f800000, 0x000000008f900000|  0%| F|  |TAMS 0x000000008f800000, 0x000000008f800000| Untracked 
|  77|0x000000008f900000, 0x000000008f900000, 0x000000008fa00000|  0%| F|  |TAMS 0x000000008f900000, 0x000000008f900000| Untracked 
|  78|0x000000008fa00000, 0x000000008fa00000, 0x000000008fb00000|  0%| F|  |TAMS 0x000000008fa00000, 0x000000008fa00000| Untracked 
|  79|0x000000008fb00000, 0x000000008fb00000, 0x000000008fc00000|  0%| F|  |TAMS 0x000000008fb00000, 0x000000008fb00000| Untracked 
|  80|0x000000008fc00000, 0x000000008fc00000, 0x000000008fd00000|  0%| F|  |TAMS 0x000000008fc00000, 0x000000008fc00000| Untracked 
|  81|0x000000008fd00000, 0x000000008fd00000, 0x000000008fe00000|  0%| F|  |TAMS 0x000000008fd00000, 0x000000008fd00000| Untracked 
| 117|0x0000000092100000, 0x0000000092100000, 0x0000000092200000|  0%| F|  |TAMS 0x0000000092100000, 0x0000000092100000| Untracked 

Card table byte_map: [0x000001d1650f0000,0x000001d1654a0000] _byte_map_base: 0x000001d164c9a000

Marking Bits (Prev, Next): (CMBitMap*) 0x000001d1525933c0, (CMBitMap*) 0x000001d152593400
 Prev Bits: [0x000001d165850000, 0x000001d1675a0000)
 Next Bits: [0x000001d1675a0000, 0x000001d1692f0000)

Polling page: 0x000001d1506b0000

Metaspace:

Usage:
  Non-class:     38.68 MB used.
      Class:      5.48 MB used.
       Both:     44.16 MB used.

Virtual space:
  Non-class space:       64.00 MB reserved,      38.81 MB ( 61%) committed,  1 nodes.
      Class space:        1.00 GB reserved,       5.56 MB ( <1%) committed,  1 nodes.
             Both:        1.06 GB reserved,      44.38 MB (  4%) committed. 

Chunk freelists:
   Non-Class:  9.23 MB
       Class:  10.39 MB
        Both:  19.62 MB

MaxMetaspaceSize: unlimited
CompressedClassSpaceSize: 1.00 GB
Initial GC threshold: 21.00 MB
Current GC threshold: 58.88 MB
CDS: off
MetaspaceReclaimPolicy: balanced
 - commit_granule_bytes: 65536.
 - commit_granule_words: 8192.
 - virtual_space_node_default_size: 8388608.
 - enlarge_chunks_in_place: 1.
 - new_chunks_are_fully_committed: 0.
 - uncommit_free_chunks: 1.
 - use_allocation_guard: 0.
 - handle_deallocations: 1.


Internal statistics:

num_allocs_failed_limit: 6.
num_arena_births: 182.
num_arena_deaths: 0.
num_vsnodes_births: 2.
num_vsnodes_deaths: 0.
num_space_committed: 709.
num_space_uncommitted: 0.
num_chunks_returned_to_freelist: 6.
num_chunks_taken_from_freelist: 1457.
num_chunk_merges: 6.
num_chunk_splits: 1224.
num_chunks_enlarged: 1103.
num_inconsistent_stats: 0.

CodeHeap 'non-profiled nmethods': size=120000Kb used=1332Kb max_used=1332Kb free=118667Kb
 bounds [0x000001d15d4e0000, 0x000001d15d750000, 0x000001d164a10000]
CodeHeap 'profiled nmethods': size=120000Kb used=5722Kb max_used=5722Kb free=114277Kb
 bounds [0x000001d155a10000, 0x000001d155fb0000, 0x000001d15cf40000]
CodeHeap 'non-nmethods': size=5760Kb used=1258Kb max_used=1288Kb free=4501Kb
 bounds [0x000001d15cf40000, 0x000001d15d1b0000, 0x000001d15d4e0000]
 total_blobs=3606 nmethods=3036 adapters=482
 compilation: enabled
              stopped_count=0, restarted_count=0
 full_count=0

Compilation events (20 events):
Event: 2.618 Thread 0x000001d1700413a0 3031       3       org.jetbrains.kotlin.com.intellij.extapi.psi.StubBasedPsiElementBase::getGreenStub (14 bytes)
Event: 2.618 Thread 0x000001d1700413a0 nmethod 3031 0x000001d155fa3a10 code [0x000001d155fa3be0, 0x000001d155fa3fe8]
Event: 2.618 Thread 0x000001d1700413a0 3032       3       org.jetbrains.kotlin.com.intellij.psi.impl.source.SubstrateRef::getGreenStub (5 bytes)
Event: 2.618 Thread 0x000001d1700413a0 nmethod 3032 0x000001d155fa4190 code [0x000001d155fa4320, 0x000001d155fa4518]
Event: 2.623 Thread 0x000001d17026b690 nmethod 3023 0x000001d15d628210 code [0x000001d15d628560, 0x000001d15d62ae38]
Event: 2.624 Thread 0x000001d17026b690 3024       4       kotlin.jvm.internal.Intrinsics::checkNotNull (9 bytes)
Event: 2.624 Thread 0x000001d17026b690 nmethod 3024 0x000001d15d62c890 code [0x000001d15d62ca00, 0x000001d15d62ca78]
Event: 2.626 Thread 0x000001d1700413a0 3033       3       java.lang.invoke.DirectMethodHandle::<init> (148 bytes)
Event: 2.628 Thread 0x000001d1700413a0 nmethod 3033 0x000001d155fa4610 code [0x000001d155fa48c0, 0x000001d155fa5808]
Event: 2.628 Thread 0x000001d1700413a0 3034   !   3       java.lang.ClassLoader::addClass (27 bytes)
Event: 2.628 Thread 0x000001d1700413a0 nmethod 3034 0x000001d155fa5d10 code [0x000001d155fa5ec0, 0x000001d155fa6168]
Event: 2.630 Thread 0x000001d17026b690 3035   !   4       java.util.zip.ZipFile$CleanableResource::getInflater (47 bytes)
Event: 2.632 Thread 0x000001d1700413a0 3037       1       kotlin.ranges.IntProgressionIterator::hasNext (5 bytes)
Event: 2.632 Thread 0x000001d1700413a0 nmethod 3037 0x000001d15d62cb90 code [0x000001d15d62cd20, 0x000001d15d62cdf8]
Event: 2.632 Thread 0x000001d1700413a0 3038       1       org.jetbrains.kotlin.com.intellij.openapi.vfs.impl.jar.CoreJarVirtualFile::getChildren (5 bytes)
Event: 2.633 Thread 0x000001d1700413a0 nmethod 3038 0x000001d15d62ce90 code [0x000001d15d62d020, 0x000001d15d62d0f8]
Event: 2.633 Thread 0x000001d1700413a0 3039       3       org.jetbrains.kotlin.com.intellij.openapi.vfs.VirtualFile::nameEquals (18 bytes)
Event: 2.633 Thread 0x000001d1700413a0 nmethod 3039 0x000001d155fa6290 code [0x000001d155fa6460, 0x000001d155fa6728]
Event: 2.633 Thread 0x000001d1700413a0 3040       3       org.jetbrains.kotlin.com.intellij.openapi.util.Comparing::equal (7 bytes)
Event: 2.634 Thread 0x000001d1700413a0 nmethod 3040 0x000001d155fa6810 code [0x000001d155fa69a0, 0x000001d155fa6ac8]

GC Heap History (19 events):
Event: 0.523 GC heap before
{Heap before GC invocations=0 (full 0):
 garbage-first heap   total 120832K, used 27648K [0x000000008ac00000, 0x0000000100000000)
  region size 1024K, 23 young (23552K), 0 survivors (0K)
 Metaspace       used 13370K, committed 13440K, reserved 1114112K
  class space    used 1290K, committed 1344K, reserved 1048576K
}
Event: 0.527 GC heap after
{Heap after GC invocations=1 (full 0):
 garbage-first heap   total 120832K, used 6856K [0x000000008ac00000, 0x0000000100000000)
  region size 1024K, 3 young (3072K), 3 survivors (3072K)
 Metaspace       used 13370K, committed 13440K, reserved 1114112K
  class space    used 1290K, committed 1344K, reserved 1048576K
}
Event: 1.037 GC heap before
{Heap before GC invocations=1 (full 0):
 garbage-first heap   total 120832K, used 39624K [0x000000008ac00000, 0x0000000100000000)
  region size 1024K, 36 young (36864K), 3 survivors (3072K)
 Metaspace       used 21340K, committed 21504K, reserved 1114112K
  class space    used 2335K, committed 2432K, reserved 1048576K
}
Event: 1.046 GC heap after
{Heap after GC invocations=2 (full 0):
 garbage-first heap   total 120832K, used 10428K [0x000000008ac00000, 0x0000000100000000)
  region size 1024K, 4 young (4096K), 4 survivors (4096K)
 Metaspace       used 21340K, committed 21504K, reserved 1114112K
  class space    used 2335K, committed 2432K, reserved 1048576K
}
Event: 1.352 GC heap before
{Heap before GC invocations=3 (full 0):
 garbage-first heap   total 40960K, used 30908K [0x000000008ac00000, 0x0000000100000000)
  region size 1024K, 24 young (24576K), 4 survivors (4096K)
 Metaspace       used 27496K, committed 27712K, reserved 1114112K
  class space    used 3182K, committed 3264K, reserved 1048576K
}
Event: 1.358 GC heap after
{Heap after GC invocations=4 (full 0):
 garbage-first heap   total 40960K, used 11610K [0x000000008ac00000, 0x0000000100000000)
  region size 1024K, 2 young (2048K), 2 survivors (2048K)
 Metaspace       used 27496K, committed 27712K, reserved 1114112K
  class space    used 3182K, committed 3264K, reserved 1048576K
}
Event: 1.398 GC heap before
{Heap before GC invocations=4 (full 0):
 garbage-first heap   total 40960K, used 12634K [0x000000008ac00000, 0x0000000100000000)
  region size 1024K, 3 young (3072K), 2 survivors (2048K)
 Metaspace       used 28142K, committed 28352K, reserved 1114112K
  class space    used 3386K, committed 3456K, reserved 1048576K
}
Event: 1.402 GC heap after
{Heap after GC invocations=5 (full 0):
 garbage-first heap   total 40960K, used 11873K [0x000000008ac00000, 0x0000000100000000)
  region size 1024K, 1 young (1024K), 1 survivors (1024K)
 Metaspace       used 28142K, committed 28352K, reserved 1114112K
  class space    used 3386K, committed 3456K, reserved 1048576K
}
Event: 1.687 GC heap before
{Heap before GC invocations=5 (full 0):
 garbage-first heap   total 40960K, used 33377K [0x000000008ac00000, 0x0000000100000000)
  region size 1024K, 20 young (20480K), 1 survivors (1024K)
 Metaspace       used 30810K, committed 31104K, reserved 1114112K
  class space    used 4035K, committed 4160K, reserved 1048576K
}
Event: 1.694 GC heap after
{Heap after GC invocations=6 (full 0):
 garbage-first heap   total 40960K, used 18325K [0x000000008ac00000, 0x0000000100000000)
  region size 1024K, 3 young (3072K), 3 survivors (3072K)
 Metaspace       used 30810K, committed 31104K, reserved 1114112K
  class space    used 4035K, committed 4160K, reserved 1048576K
}
Event: 1.853 GC heap before
{Heap before GC invocations=6 (full 0):
 garbage-first heap   total 40960K, used 29589K [0x000000008ac00000, 0x0000000100000000)
  region size 1024K, 15 young (15360K), 3 survivors (3072K)
 Metaspace       used 34144K, committed 34368K, reserved 1114112K
  class space    used 4419K, committed 4544K, reserved 1048576K
}
Event: 1.857 GC heap after
{Heap after GC invocations=7 (full 0):
 garbage-first heap   total 54272K, used 19656K [0x000000008ac00000, 0x0000000100000000)
  region size 1024K, 2 young (2048K), 2 survivors (2048K)
 Metaspace       used 34144K, committed 34368K, reserved 1114112K
  class space    used 4419K, committed 4544K, reserved 1048576K
}
Event: 1.956 GC heap before
{Heap before GC invocations=7 (full 0):
 garbage-first heap   total 54272K, used 26824K [0x000000008ac00000, 0x0000000100000000)
  region size 1024K, 10 young (10240K), 2 survivors (2048K)
 Metaspace       used 35738K, committed 35968K, reserved 1114112K
  class space    used 4612K, committed 4736K, reserved 1048576K
}
Event: 1.959 GC heap after
{Heap after GC invocations=8 (full 0):
 garbage-first heap   total 54272K, used 18520K [0x000000008ac00000, 0x0000000100000000)
  region size 1024K, 3 young (3072K), 3 survivors (3072K)
 Metaspace       used 35738K, committed 35968K, reserved 1114112K
  class space    used 4612K, committed 4736K, reserved 1048576K
}
Event: 2.247 GC heap before
{Heap before GC invocations=9 (full 0):
 garbage-first heap   total 54272K, used 39000K [0x000000008ac00000, 0x0000000100000000)
  region size 1024K, 24 young (24576K), 3 survivors (3072K)
 Metaspace       used 40112K, committed 40384K, reserved 1114112K
  class space    used 4999K, committed 5120K, reserved 1048576K
}
Event: 2.252 GC heap after
{Heap after GC invocations=10 (full 0):
 garbage-first heap   total 54272K, used 20849K [0x000000008ac00000, 0x0000000100000000)
  region size 1024K, 3 young (3072K), 3 survivors (3072K)
 Metaspace       used 40112K, committed 40384K, reserved 1114112K
  class space    used 4999K, committed 5120K, reserved 1048576K
}
Event: 2.270 GC heap before
{Heap before GC invocations=10 (full 0):
 garbage-first heap   total 54272K, used 21873K [0x000000008ac00000, 0x0000000100000000)
  region size 1024K, 4 young (4096K), 3 survivors (3072K)
 Metaspace       used 40324K, committed 40512K, reserved 1114112K
  class space    used 5023K, committed 5120K, reserved 1048576K
}
Event: 2.273 GC heap after
{Heap after GC invocations=11 (full 0):
 garbage-first heap   total 54272K, used 20929K [0x000000008ac00000, 0x0000000100000000)
  region size 1024K, 1 young (1024K), 1 survivors (1024K)
 Metaspace       used 40324K, committed 40512K, reserved 1114112K
  class space    used 5023K, committed 5120K, reserved 1048576K
}
Event: 2.643 GC heap before
{Heap before GC invocations=11 (full 0):
 garbage-first heap   total 54272K, used 40385K [0x000000008ac00000, 0x0000000100000000)
  region size 1024K, 20 young (20480K), 1 survivors (1024K)
 Metaspace       used 45224K, committed 45440K, reserved 1114112K
  class space    used 5611K, committed 5696K, reserved 1048576K
}

Dll operation events (2 events):
Event: 0.008 Loaded shared library C:\Program Files\Android\Android Studio\jbr\bin\java.dll
Event: 1.246 Loaded shared library C:\Program Files\Android\Android Studio\jbr\bin\verify.dll

Deoptimization events (20 events):
Event: 2.503 Thread 0x000001d15253a6a0 Uncommon trap: trap_request=0xffffff45 fr.pc=0x000001d15d618894 relative=0x00000000000000f4
Event: 2.503 Thread 0x000001d15253a6a0 Uncommon trap: reason=unstable_if action=reinterpret pc=0x000001d15d618894 method=org.jetbrains.kotlin.com.intellij.lang.impl.PsiBuilderImpl.whitespaceOrComment(Lorg/jetbrains/kotlin/com/intellij/psi/tree/IElementType;)Z @ 19 c2
Event: 2.503 Thread 0x000001d15253a6a0 DEOPT PACKING pc=0x000001d15d618894 sp=0x0000007c8a8fc6e0
Event: 2.503 Thread 0x000001d15253a6a0 DEOPT UNPACKING pc=0x000001d15cf969a3 sp=0x0000007c8a8fc6a0 mode 2
Event: 2.569 Thread 0x000001d15253a6a0 Uncommon trap: trap_request=0xffffffde fr.pc=0x000001d15d613a48 relative=0x0000000000000188
Event: 2.569 Thread 0x000001d15253a6a0 Uncommon trap: reason=class_check action=maybe_recompile pc=0x000001d15d613a48 method=java.lang.Character.codePointAt(Ljava/lang/CharSequence;I)I @ 2 c2
Event: 2.569 Thread 0x000001d15253a6a0 DEOPT PACKING pc=0x000001d15d613a48 sp=0x0000007c8a8fd010
Event: 2.569 Thread 0x000001d15253a6a0 DEOPT UNPACKING pc=0x000001d15cf969a3 sp=0x0000007c8a8fcfc8 mode 2
Event: 2.569 Thread 0x000001d15253a6a0 Uncommon trap: trap_request=0xffffffde fr.pc=0x000001d15d613a48 relative=0x0000000000000188
Event: 2.569 Thread 0x000001d15253a6a0 Uncommon trap: reason=class_check action=maybe_recompile pc=0x000001d15d613a48 method=java.lang.Character.codePointAt(Ljava/lang/CharSequence;I)I @ 2 c2
Event: 2.569 Thread 0x000001d15253a6a0 DEOPT PACKING pc=0x000001d15d613a48 sp=0x0000007c8a8fd010
Event: 2.569 Thread 0x000001d15253a6a0 DEOPT UNPACKING pc=0x000001d15cf969a3 sp=0x0000007c8a8fcfc8 mode 2
Event: 2.569 Thread 0x000001d15253a6a0 Uncommon trap: trap_request=0xffffffde fr.pc=0x000001d15d613a48 relative=0x0000000000000188
Event: 2.569 Thread 0x000001d15253a6a0 Uncommon trap: reason=class_check action=maybe_recompile pc=0x000001d15d613a48 method=java.lang.Character.codePointAt(Ljava/lang/CharSequence;I)I @ 2 c2
Event: 2.569 Thread 0x000001d15253a6a0 DEOPT PACKING pc=0x000001d15d613a48 sp=0x0000007c8a8fd010
Event: 2.569 Thread 0x000001d15253a6a0 DEOPT UNPACKING pc=0x000001d15cf969a3 sp=0x0000007c8a8fcfc8 mode 2
Event: 2.569 Thread 0x000001d15253a6a0 Uncommon trap: trap_request=0xffffffde fr.pc=0x000001d15d613a48 relative=0x0000000000000188
Event: 2.569 Thread 0x000001d15253a6a0 Uncommon trap: reason=class_check action=maybe_recompile pc=0x000001d15d613a48 method=java.lang.Character.codePointAt(Ljava/lang/CharSequence;I)I @ 2 c2
Event: 2.569 Thread 0x000001d15253a6a0 DEOPT PACKING pc=0x000001d15d613a48 sp=0x0000007c8a8fd010
Event: 2.569 Thread 0x000001d15253a6a0 DEOPT UNPACKING pc=0x000001d15cf969a3 sp=0x0000007c8a8fcfc8 mode 2

Classes unloaded (0 events):
No events

Classes redefined (0 events):
No events

Internal exceptions (20 events):
Event: 1.082 Thread 0x000001d15253a6a0 Exception <a 'java/lang/NoSuchMethodError'{0x000000008cc2da50}: 'java.lang.Object java.lang.invoke.DirectMethodHandle$Holder.invokeSpecial(java.lang.Object, java.lang.Object, java.lang.Object, java.lang.Object, long)'> (0x000000008cc2da50) 
thrown [s\src\hotspot\share\interpreter\linkResolver.cpp, line 771]
Event: 1.084 Thread 0x000001d15253a6a0 Exception <a 'java/lang/NoSuchMethodError'{0x000000008cc3cf38}: 'int java.lang.invoke.DelegatingMethodHandle$Holder.reinvoke_L(java.lang.Object, java.lang.Object, java.lang.Object, long, java.lang.Object, java.lang.Object)'> (0x000000008cc3cf38) 
thrown [s\src\hotspot\share\interpreter\linkResolver.cpp, line 771]
Event: 1.085 Thread 0x000001d15253a6a0 Exception <a 'java/lang/NoSuchMethodError'{0x000000008cc4bac8}: 'int java.lang.invoke.DelegatingMethodHandle$Holder.reinvoke_L(java.lang.Object, java.lang.Object, java.lang.Object, long, int, int)'> (0x000000008cc4bac8) 
thrown [s\src\hotspot\share\interpreter\linkResolver.cpp, line 771]
Event: 1.086 Thread 0x000001d15253a6a0 Exception <a 'java/lang/NoSuchMethodError'{0x000000008cc5a400}: 'int java.lang.invoke.DelegatingMethodHandle$Holder.reinvoke_L(java.lang.Object, java.lang.Object, java.lang.Object, long, long, long)'> (0x000000008cc5a400) 
thrown [s\src\hotspot\share\interpreter\linkResolver.cpp, line 771]
Event: 1.087 Thread 0x000001d15253a6a0 Exception <a 'java/lang/NoSuchMethodError'{0x000000008cc68a18}: 'int java.lang.invoke.DelegatingMethodHandle$Holder.reinvoke_L(java.lang.Object, java.lang.Object, java.lang.Object, long, int)'> (0x000000008cc68a18) 
thrown [s\src\hotspot\share\interpreter\linkResolver.cpp, line 771]
Event: 1.100 Thread 0x000001d15253a6a0 Exception <a 'java/lang/NoSuchMethodError'{0x000000008cb11d80}: 'int java.lang.invoke.DirectMethodHandle$Holder.invokeStaticInit(java.lang.Object, java.lang.Object, java.lang.Object)'> (0x000000008cb11d80) 
thrown [s\src\hotspot\share\interpreter\linkResolver.cpp, line 771]
Event: 1.103 Thread 0x000001d15253a6a0 Exception <a 'java/lang/NoSuchMethodError'{0x000000008cb3a478}: 'int java.lang.invoke.DirectMethodHandle$Holder.invokeStaticInit(java.lang.Object, java.lang.Object)'> (0x000000008cb3a478) 
thrown [s\src\hotspot\share\interpreter\linkResolver.cpp, line 771]
Event: 1.115 Thread 0x000001d15253a6a0 Exception <a 'java/lang/NoSuchMethodError'{0x000000008ca18e40}: 'void java.lang.invoke.DirectMethodHandle$Holder.invokeSpecial(java.lang.Object, java.lang.Object, java.lang.Object)'> (0x000000008ca18e40) 
thrown [s\src\hotspot\share\interpreter\linkResolver.cpp, line 771]
Event: 1.165 Thread 0x000001d15253a6a0 Exception <a 'java/lang/NoSuchMethodError'{0x000000008c73f280}: 'void java.lang.invoke.DirectMethodHandle$Holder.invokeStatic(java.lang.Object, java.lang.Object, java.lang.Object, java.lang.Object)'> (0x000000008c73f280) 
thrown [s\src\hotspot\share\interpreter\linkResolver.cpp, line 771]
Event: 1.219 Thread 0x000001d15253a6a0 Exception <a 'java/lang/NoSuchMethodError'{0x000000008c4ff0f8}: 'void java.lang.invoke.DirectMethodHandle$Holder.invokeStaticInit(java.lang.Object, java.lang.Object)'> (0x000000008c4ff0f8) 
thrown [s\src\hotspot\share\interpreter\linkResolver.cpp, line 771]
Event: 1.324 Thread 0x000001d15253a6a0 Exception <a 'java/lang/NoSuchMethodError'{0x000000008bdb09a0}: 'void java.lang.invoke.DirectMethodHandle$Holder.invokeVirtual(java.lang.Object, java.lang.Object)'> (0x000000008bdb09a0) 
thrown [s\src\hotspot\share\interpreter\linkResolver.cpp, line 771]
Event: 1.330 Thread 0x000001d15253a6a0 Exception <a 'java/lang/NoSuchMethodError'{0x000000008bdfbb50}: 'int java.lang.invoke.DirectMethodHandle$Holder.invokeVirtual(java.lang.Object, java.lang.Object)'> (0x000000008bdfbb50) 
thrown [s\src\hotspot\share\interpreter\linkResolver.cpp, line 771]
Event: 1.345 Thread 0x000001d15253a6a0 Exception <a 'java/lang/NoSuchMethodError'{0x000000008bc93c28}: 'java.lang.Object java.lang.invoke.Invokers$Holder.invokeExact_MT(java.lang.Object, java.lang.Object, java.lang.Object, java.lang.Object, java.lang.Object, java.lang.Object)'> (0x000000008bc93c28) 
thrown [s\src\hotspot\share\interpreter\linkResolver.cpp, line 771]
Event: 1.759 Thread 0x000001d15253a6a0 Implicit null exception at 0x000001d15d4f9672 to 0x000001d15d4f9c3c
Event: 1.837 Thread 0x000001d15253a6a0 Implicit null exception at 0x000001d15d4faaf2 to 0x000001d15d4fb0cc
Event: 1.877 Thread 0x000001d15253a6a0 Exception <a 'java/lang/NoSuchMethodError'{0x000000008fd92a70}: 'java.lang.Object java.lang.invoke.DirectMethodHandle$Holder.invokeVirtual(java.lang.Object, java.lang.Object, java.lang.Object)'> (0x000000008fd92a70) 
thrown [s\src\hotspot\share\interpreter\linkResolver.cpp, line 771]
Event: 2.480 Thread 0x000001d15253a6a0 Exception <a 'java/lang/NoSuchMethodError'{0x000000008d205910}: 'java.lang.Object java.lang.invoke.DirectMethodHandle$Holder.newInvokeSpecial(java.lang.Object, java.lang.Object, int)'> (0x000000008d205910) 
thrown [s\src\hotspot\share\interpreter\linkResolver.cpp, line 771]
Event: 2.548 Thread 0x000001d15253a6a0 Exception <a 'java/lang/NoSuchMethodError'{0x000000008d039e50}: 'java.lang.Object java.lang.invoke.DirectMethodHandle$Holder.newInvokeSpecial(java.lang.Object, java.lang.Object, java.lang.Object, int)'> (0x000000008d039e50) 
thrown [s\src\hotspot\share\interpreter\linkResolver.cpp, line 771]
Event: 2.548 Thread 0x000001d15253a6a0 Exception <a 'java/lang/NoSuchMethodError'{0x000000008d03e4d8}: 'java.lang.Object java.lang.invoke.DirectMethodHandle$Holder.invokeSpecial(java.lang.Object, java.lang.Object, java.lang.Object, java.lang.Object, int)'> (0x000000008d03e4d8) 
thrown [s\src\hotspot\share\interpreter\linkResolver.cpp, line 771]
Event: 2.549 Thread 0x000001d15253a6a0 Exception <a 'java/lang/NoSuchMethodError'{0x000000008d042348}: 'java.lang.Object java.lang.invoke.Invokers$Holder.linkToTargetMethod(java.lang.Object, java.lang.Object, int, java.lang.Object)'> (0x000000008d042348) 
thrown [s\src\hotspot\share\interpreter\linkResolver.cpp, line 771]

VM Operations (20 events):
Event: 1.959 Executing VM operation: CollectForMetadataAllocation done
Event: 1.966 Executing VM operation: G1PauseRemark
Event: 1.968 Executing VM operation: G1PauseRemark done
Event: 1.971 Executing VM operation: G1PauseCleanup
Event: 1.971 Executing VM operation: G1PauseCleanup done
Event: 2.138 Executing VM operation: HandshakeAllThreads
Event: 2.138 Executing VM operation: HandshakeAllThreads done
Event: 2.246 Executing VM operation: G1CollectForAllocation
Event: 2.252 Executing VM operation: G1CollectForAllocation done
Event: 2.270 Executing VM operation: G1CollectForAllocation
Event: 2.273 Executing VM operation: G1CollectForAllocation done
Event: 2.533 Executing VM operation: HandshakeAllThreads
Event: 2.533 Executing VM operation: HandshakeAllThreads done
Event: 2.570 Executing VM operation: HandshakeAllThreads
Event: 2.570 Executing VM operation: HandshakeAllThreads done
Event: 2.624 Executing VM operation: HandshakeAllThreads
Event: 2.624 Executing VM operation: HandshakeAllThreads done
Event: 2.624 Executing VM operation: ICBufferFull
Event: 2.625 Executing VM operation: ICBufferFull done
Event: 2.643 Executing VM operation: G1CollectForAllocation

Events (20 events):
Event: 2.416 loading class java/util/PrimitiveIterator$OfInt
Event: 2.416 loading class java/util/PrimitiveIterator
Event: 2.416 loading class java/util/PrimitiveIterator done
Event: 2.416 loading class java/util/PrimitiveIterator$OfInt done
Event: 2.435 loading class java/util/AbstractMap$SimpleImmutableEntry
Event: 2.436 loading class java/util/AbstractMap$SimpleImmutableEntry done
Event: 2.473 loading class java/util/regex/Pattern$StartS
Event: 2.473 loading class java/util/regex/Pattern$StartS done
Event: 2.478 loading class java/util/function/IntUnaryOperator
Event: 2.479 loading class java/util/function/IntUnaryOperator done
Event: 2.523 loading class java/util/ConcurrentModificationException
Event: 2.523 loading class java/util/ConcurrentModificationException done
Event: 2.532 loading class java/util/ArrayList$ListItr
Event: 2.533 loading class java/util/ArrayList$ListItr done
Event: 2.616 loading class java/io/InvalidObjectException
Event: 2.616 loading class java/io/InvalidObjectException done
Event: 2.623 loading class java/util/AbstractList$SubList$1
Event: 2.623 loading class java/util/AbstractList$SubList$1 done
Event: 2.624 loading class java/util/AbstractList$ListItr
Event: 2.624 loading class java/util/AbstractList$ListItr done


Dynamic libraries:
0x00007ff799c80000 - 0x00007ff799c8a000 	C:\Program Files\Android\Android Studio\jbr\bin\java.exe
0x00007fff6fa90000 - 0x00007fff6fca7000 	C:\WINDOWS\SYSTEM32\ntdll.dll
0x00007fff6e3c0000 - 0x00007fff6e484000 	C:\WINDOWS\System32\KERNEL32.DLL
0x00007fff6d020000 - 0x00007fff6d3cd000 	C:\WINDOWS\System32\KERNELBASE.dll
0x00007fff6d400000 - 0x00007fff6d511000 	C:\WINDOWS\System32\ucrtbase.dll
0x00007fff43110000 - 0x00007fff4312b000 	C:\Program Files\Android\Android Studio\jbr\bin\VCRUNTIME140.dll
0x00007fff43f30000 - 0x00007fff43f47000 	C:\Program Files\Android\Android Studio\jbr\bin\jli.dll
0x00007fff6f840000 - 0x00007fff6f9ee000 	C:\WINDOWS\System32\USER32.dll
0x00007fff6cff0000 - 0x00007fff6d016000 	C:\WINDOWS\System32\win32u.dll
0x00007fff6e570000 - 0x00007fff6e599000 	C:\WINDOWS\System32\GDI32.dll
0x00007fff568a0000 - 0x00007fff56b33000 	C:\WINDOWS\WinSxS\amd64_microsoft.windows.common-controls_6595b64144ccf1df_6.0.22621.3672_none_2713b9d173822955\COMCTL32.dll
0x00007fff6d520000 - 0x00007fff6d639000 	C:\WINDOWS\System32\gdi32full.dll
0x00007fff6d730000 - 0x00007fff6d7ca000 	C:\WINDOWS\System32\msvcp_win.dll
0x00007fff6f2f0000 - 0x00007fff6f397000 	C:\WINDOWS\System32\msvcrt.dll
0x00007fff6de30000 - 0x00007fff6de61000 	C:\WINDOWS\System32\IMM32.DLL
0x00007fff52880000 - 0x00007fff5288c000 	C:\Program Files\Android\Android Studio\jbr\bin\vcruntime140_1.dll
0x00007fff39130000 - 0x00007fff391bd000 	C:\Program Files\Android\Android Studio\jbr\bin\msvcp140.dll
0x00007ffee3bf0000 - 0x00007ffee4873000 	C:\Program Files\Android\Android Studio\jbr\bin\server\jvm.dll
0x00007fff6db80000 - 0x00007fff6dc32000 	C:\WINDOWS\System32\ADVAPI32.dll
0x00007fff6dc50000 - 0x00007fff6dcf9000 	C:\WINDOWS\System32\sechost.dll
0x00007fff6d3d0000 - 0x00007fff6d3f8000 	C:\WINDOWS\System32\bcrypt.dll
0x00007fff6dd10000 - 0x00007fff6de24000 	C:\WINDOWS\System32\RPCRT4.dll
0x00007fff50250000 - 0x00007fff50259000 	C:\WINDOWS\SYSTEM32\WSOCK32.dll
0x00007fff62180000 - 0x00007fff6218a000 	C:\WINDOWS\SYSTEM32\VERSION.dll
0x00007fff6cc80000 - 0x00007fff6cccd000 	C:\WINDOWS\SYSTEM32\POWRPROF.dll
0x00007fff6f270000 - 0x00007fff6f2e1000 	C:\WINDOWS\System32\WS2_32.dll
0x00007fff674b0000 - 0x00007fff674e4000 	C:\WINDOWS\SYSTEM32\WINMM.dll
0x00007fff6cc60000 - 0x00007fff6cc73000 	C:\WINDOWS\SYSTEM32\UMPDC.dll
0x00007fff6bdf0000 - 0x00007fff6be08000 	C:\WINDOWS\SYSTEM32\kernel.appcore.dll
0x00007fff4bad0000 - 0x00007fff4bada000 	C:\Program Files\Android\Android Studio\jbr\bin\jimage.dll
0x00007fff64820000 - 0x00007fff64a52000 	C:\WINDOWS\SYSTEM32\DBGHELP.DLL
0x00007fff6d7d0000 - 0x00007fff6db58000 	C:\WINDOWS\System32\combase.dll
0x00007fff6e280000 - 0x00007fff6e357000 	C:\WINDOWS\System32\OLEAUT32.dll
0x00007fff4fd00000 - 0x00007fff4fd32000 	C:\WINDOWS\SYSTEM32\dbgcore.DLL
0x00007fff6d640000 - 0x00007fff6d6bb000 	C:\WINDOWS\System32\bcryptPrimitives.dll
0x00007fff29fa0000 - 0x00007fff29fc5000 	C:\Program Files\Android\Android Studio\jbr\bin\java.dll
0x00007fff49290000 - 0x00007fff492a8000 	C:\Program Files\Android\Android Studio\jbr\bin\zip.dll
0x00007fff6ea10000 - 0x00007fff6f26f000 	C:\WINDOWS\System32\SHELL32.dll
0x00007fff6ad10000 - 0x00007fff6b60c000 	C:\WINDOWS\SYSTEM32\windows.storage.dll
0x00007fff6abd0000 - 0x00007fff6ad0f000 	C:\WINDOWS\SYSTEM32\wintypes.dll
0x00007fff6de70000 - 0x00007fff6df64000 	C:\WINDOWS\System32\SHCORE.dll
0x00007fff6e360000 - 0x00007fff6e3be000 	C:\WINDOWS\System32\shlwapi.dll
0x00007fff6ccf0000 - 0x00007fff6cd11000 	C:\WINDOWS\SYSTEM32\profapi.dll
0x00007fff430f0000 - 0x00007fff43109000 	C:\Program Files\Android\Android Studio\jbr\bin\net.dll
0x00007fff683e0000 - 0x00007fff68516000 	C:\WINDOWS\SYSTEM32\WINHTTP.dll
0x00007fff6c260000 - 0x00007fff6c2c9000 	C:\WINDOWS\system32\mswsock.dll
0x00007fff35d50000 - 0x00007fff35d66000 	C:\Program Files\Android\Android Studio\jbr\bin\nio.dll
0x00007fff44020000 - 0x00007fff44030000 	C:\Program Files\Android\Android Studio\jbr\bin\verify.dll

dbghelp: loaded successfully - version: 4.0.5 - missing functions: none
symbol engine: initialized successfully - sym options: 0x614 - pdb path: .;C:\Program Files\Android\Android Studio\jbr\bin;C:\WINDOWS\SYSTEM32;C:\WINDOWS\WinSxS\amd64_microsoft.windows.common-controls_6595b64144ccf1df_6.0.22621.3672_none_2713b9d173822955;C:\Program Files\Android\Android Studio\jbr\bin\server

VM Arguments:
java_command: org.jetbrains.kotlin.cli.jvm.K2JVMCompiler @C:\Users\23480\AndroidStudioProjects\GlovoOrder\app\build\20240814_13492686119602139966.compiler.options
java_class_path (initial): C:\Users\23480\.gradle\caches\modules-2\files-2.1\org.jetbrains.kotlin\kotlin-compiler-embeddable\1.9.0\2c8c3a7402becca891f12739b3e9fd2dc2adbd7a\kotlin-compiler-embeddable-1.9.0.jar;C:\Users\23480\.gradle\caches\modules-2\files-2.1\org.jetbrains.kotlin\kotlin-stdlib\1.9.0\8ee15ef0c67dc83d874f412d84378d7f0eb50b63\kotlin-stdlib-1.9.0.jar;C:\Users\23480\.gradle\caches\modules-2\files-2.1\org.jetbrains.kotlin\kotlin-script-runtime\1.9.0\4b3102cbbb7e1b58d9d1adf89563f00069ffa7d1\kotlin-script-runtime-1.9.0.jar;C:\Users\23480\.gradle\caches\modules-2\files-2.1\org.jetbrains.kotlin\kotlin-reflect\1.6.10\1cbe9c92c12a94eea200d23c2bbaedaf3daf5132\kotlin-reflect-1.6.10.jar;C:\Users\23480\.gradle\caches\modules-2\files-2.1\org.jetbrains.kotlin\kotlin-daemon-embeddable\1.9.0\186543f5e28cf8d9a0290fecc2cf34301c40a65c\kotlin-daemon-embeddable-1.9.0.jar;C:\Users\23480\.gradle\caches\modules-2\files-2.1\org.jetbrains.intellij.deps\trove4j\1.0.20200330\3afb14d5f9ceb459d724e907a21145e8ff394f02\trove4j-1.0.20200330.jar;C:\Users\23480\.gradle\caches\modules-2\files-2.1\org.jetbrains.kotlin\kotlin-stdlib-common\1.9.0\cd65c21cfd1eec4d44ef09f9f52b6d9f8a720636\kotlin-stdlib-common-1.9.0.jar;C:\Users\23480\.gradle\caches\modules-2\files-2.1\org.jetbrains\annotations\13.0\919f0dfe192fb4e063e7dacadee7f8bb9a2672a9\annotations-13.0.jar
Launcher Type: SUN_STANDARD

[Global flags]
     intx CICompilerCount                          = 4                                         {product} {ergonomic}
     uint ConcGCThreads                            = 2                                         {product} {ergonomic}
     uint G1ConcRefinementThreads                  = 8                                         {product} {ergonomic}
   size_t G1HeapRegionSize                         = 1048576                                   {product} {ergonomic}
    uintx GCDrainStackTargetSize                   = 64                                        {product} {ergonomic}
   size_t InitialHeapSize                          = 123731968                                 {product} {ergonomic}
   size_t MarkStackSize                            = 4194304                                   {product} {ergonomic}
   size_t MaxHeapSize                              = 1967128576                                {product} {ergonomic}
   size_t MaxNewSize                               = 1179648000                                {product} {ergonomic}
   size_t MinHeapDeltaBytes                        = 1048576                                   {product} {ergonomic}
   size_t MinHeapSize                              = 8388608                                   {product} {ergonomic}
    uintx NonNMethodCodeHeapSize                   = 5839372                                {pd product} {ergonomic}
    uintx NonProfiledCodeHeapSize                  = 122909434                              {pd product} {ergonomic}
    uintx ProfiledCodeHeapSize                     = 122909434                              {pd product} {ergonomic}
    uintx ReservedCodeCacheSize                    = 251658240                              {pd product} {ergonomic}
     bool SegmentedCodeCache                       = true                                      {product} {ergonomic}
   size_t SoftMaxHeapSize                          = 1967128576                             {manageable} {ergonomic}
     bool UseCompressedClassPointers               = true                           {product lp64_product} {ergonomic}
     bool UseCompressedOops                        = true                           {product lp64_product} {ergonomic}
     bool UseG1GC                                  = true                                      {product} {ergonomic}
     bool UseLargePagesIndividualAllocation        = false                                  {pd product} {ergonomic}

Logging:
Log output configuration:
 #0: stdout all=warning uptime,level,tags
 #1: stderr all=off uptime,level,tags

Environment Variables:
PATH=C:\WINDOWS\system32;C:\WINDOWS;C:\WINDOWS\System32\Wbem;C:\WINDOWS\System32\WindowsPowerShell\v1.0\;C:\WINDOWS\System32\OpenSSH\;C:\Program Files\nodejs\;C:\Program Files\HP\HP One Agent;C:\Program Files\Git\cmd;C:\Users\23480\AppData\Local\Programs\Python\Python311\Scripts\;C:\Users\23480\AppData\Local\Programs\Python\Python311\;C:\Users\23480\AppData\Local\Microsoft\WindowsApps;C:\Users\23480\AppData\Local\atom\bin;C:\Users\23480\AppData\Local\Programs\Microsoft VS Code\bin;C:\Users\23480\AppData\Local\Microsoft\WindowsApps;;C:\Program Files\JetBrains\IntelliJ IDEA Community Edition 2023.2.1\bin;;C:\Users\23480\AppData\Roaming\npm
USERNAME=23480
OS=Windows_NT
PROCESSOR_IDENTIFIER=AMD64 Family 23 Model 104 Stepping 1, AuthenticAMD
TMP=C:\Users\23480\AppData\Local\Temp
TEMP=C:\Users\23480\AppData\Local\Temp



Periodic native trim disabled

JNI global refs:
JNI global refs: 8, weak refs: 0

JNI global refs memory usage: 843, weak refs: 841

OOME stack traces (most recent first):
Classloader memory used:
Loader jdk.internal.loader.ClassLoaders$AppClassLoader                                 : 4354K
Loader bootstrap                                                                       : 1276K
Loader java.net.URLClassLoader                                                         : 13287B
Loader jdk.internal.reflect.DelegatingClassLoader                                      : 7148B
Loader jdk.internal.loader.ClassLoaders$PlatformClassLoader                            : 2276B


---------------  S Y S T E M  ---------------

OS:
 Windows 11 , 64 bit Build 22621 (10.0.22621.3672)
OS uptime: 0 days 5:22 hours

CPU: total 8 (initial active 8) (8 cores per cpu, 2 threads per core) family 23 model 104 stepping 1 microcode 0x0, cx8, cmov, fxsr, ht, mmx, 3dnowpref, sse, sse2, sse3, ssse3, sse4a, sse4.1, sse4.2, popcnt, lzcnt, tsc, tscinvbit, avx, avx2, aes, clmul, bmi1, bmi2, adx, sha, fma, vzeroupper, clflush, clflushopt
Processor Information for processor 0
  Max Mhz: 2600, Current Mhz: 2003, Mhz Limit: 2600
Processor Information for processor 1
  Max Mhz: 2600, Current Mhz: 2003, Mhz Limit: 2600
Processor Information for processor 2
  Max Mhz: 2600, Current Mhz: 2003, Mhz Limit: 2600
Processor Information for processor 3
  Max Mhz: 2600, Current Mhz: 2003, Mhz Limit: 2600
Processor Information for processor 4
  Max Mhz: 2600, Current Mhz: 2003, Mhz Limit: 2600
Processor Information for processor 5
  Max Mhz: 2600, Current Mhz: 2003, Mhz Limit: 2600
Processor Information for processor 6
  Max Mhz: 2600, Current Mhz: 2600, Mhz Limit: 2600
Processor Information for processor 7
  Max Mhz: 2600, Current Mhz: 2003, Mhz Limit: 2600

Memory: 4k page, system-wide physical 7502M (1092M free)
TotalPageFile size 11571M (AvailPageFile size 9M)
current process WorkingSet (physical memory assigned to process): 180M, peak: 182M
current process commit charge ("private bytes"): 248M, peak: 257M

vm_info: OpenJDK 64-Bit Server VM (17.0.10+0--11609105) for windows-amd64 JRE (17.0.10+0--11609105), built on Mar 21 2024 19:10:56 by "androidbuild" with MS VC++ 16.10 / 16.11 (VS2019)

END.
